<?xml version="1.0" encoding="UTF-8"?>
<testsuite name="system.packages.MessagingFeedTests" tests="8" skipped="0" failures="0" errors="0" timestamp="2016-12-15T15:08:36" hostname="jamess-mbp.raleigh.ibm.com" time="21.648">
  <properties/>
  <testcase name="Messaging action should reject invocation when topic argument is missing" classname="system.packages.MessagingFeedTests" time="9.147"/>
  <testcase name="Messaging action should reject invocation when kafka_brokers_sasl argument is missing" classname="system.packages.MessagingFeedTests" time="1.792"/>
  <testcase name="Messaging action should reject invocation when kafka_admin_url argument is missing" classname="system.packages.MessagingFeedTests" time="1.782"/>
  <testcase name="Messaging action should reject invocation when api_key argument is missing" classname="system.packages.MessagingFeedTests" time="1.815"/>
  <testcase name="Messaging action should reject invocation when user argument is missing" classname="system.packages.MessagingFeedTests" time="1.744"/>
  <testcase name="Messaging action should reject invocation when password argument is missing" classname="system.packages.MessagingFeedTests" time="1.844"/>
  <testcase name="Messaging action should reject invocation when package_endpoint argument is missing" classname="system.packages.MessagingFeedTests" time="1.736"/>
  <testcase name="Messaging action should reject invocation when default namespace is used" classname="system.packages.MessagingFeedTests" time="1.78"/>
  <system-out><![CDATA[[2016-12-15T15:08:36.605Z] [INFO] Slf4jLogger started [akka.event.slf4j.Slf4jLogger:85] 
deploy target not defined
test router? false
JUnit version is: 4.11

Starting test Messaging action should reject invocation when topic argument is missing at 2016-12-15 10:08:36.738

Finished test Messaging action should reject invocation when topic argument is missing at 2016-12-15 10:08:45.893

Starting test Messaging action should reject invocation when kafka_brokers_sasl argument is missing at 2016-12-15 10:08:45.894

Finished test Messaging action should reject invocation when kafka_brokers_sasl argument is missing at 2016-12-15 10:08:47.686

Starting test Messaging action should reject invocation when kafka_admin_url argument is missing at 2016-12-15 10:08:47.687

Finished test Messaging action should reject invocation when kafka_admin_url argument is missing at 2016-12-15 10:08:49.469

Starting test Messaging action should reject invocation when api_key argument is missing at 2016-12-15 10:08:49.470

Finished test Messaging action should reject invocation when api_key argument is missing at 2016-12-15 10:08:51.285

Starting test Messaging action should reject invocation when user argument is missing at 2016-12-15 10:08:51.286

Finished test Messaging action should reject invocation when user argument is missing at 2016-12-15 10:08:53.031

Starting test Messaging action should reject invocation when password argument is missing at 2016-12-15 10:08:53.032

Finished test Messaging action should reject invocation when password argument is missing at 2016-12-15 10:08:54.876

Starting test Messaging action should reject invocation when package_endpoint argument is missing at 2016-12-15 10:08:54.876

Finished test Messaging action should reject invocation when package_endpoint argument is missing at 2016-12-15 10:08:56.613

Starting test Messaging action should reject invocation when default namespace is used at 2016-12-15 10:08:56.613

Finished test Messaging action should reject invocation when default namespace is used at 2016-12-15 10:08:58.395
]]></system-out>
  <system-err><![CDATA[]]></system-err>
</testsuite>
