<?xml version="1.0" encoding="UTF-8"?>
<testsuite name="system.packages.KafkaFeedTests" tests="3" skipped="0" failures="0" errors="0" timestamp="2017-01-16T20:54:09" hostname="jamess-mbp.raleigh.ibm.com" time="6.128">
  <properties/>
  <testcase name="Kafka feed action should reject invocation when topic argument is missing" classname="system.packages.KafkaFeedTests" time="3.65"/>
  <testcase name="Kafka feed action should reject invocation when brokers argument is missing" classname="system.packages.KafkaFeedTests" time="1.25"/>
  <testcase name="Kafka feed action should reject invocation when package_endpoint argument is missing" classname="system.packages.KafkaFeedTests" time="1.226"/>
  <system-out><![CDATA[[2017-01-16T20:54:09.302Z] [INFO] Slf4jLogger started [akka.event.slf4j.Slf4jLogger:85] 

Starting test Kafka feed action should reject invocation when topic argument is missing at 2017-01-16 15:54:09.626

Finished test Kafka feed action should reject invocation when topic argument is missing at 2017-01-16 15:54:13.276

Starting test Kafka feed action should reject invocation when brokers argument is missing at 2017-01-16 15:54:13.277

Finished test Kafka feed action should reject invocation when brokers argument is missing at 2017-01-16 15:54:14.527

Starting test Kafka feed action should reject invocation when package_endpoint argument is missing at 2017-01-16 15:54:14.528

Finished test Kafka feed action should reject invocation when package_endpoint argument is missing at 2017-01-16 15:54:15.754
]]></system-out>
  <system-err><![CDATA[]]></system-err>
</testsuite>
