<?xml version="1.0" encoding="UTF-8"?>
<testsuite name="whisk.core.bluemix.ProviderHealthEndPointsTests" tests="11" skipped="0" failures="0" errors="0" timestamp="2016-12-14T22:32:34" hostname="jamess-mbp.raleigh.ibm.com" time="1.307">
  <properties/>
  <testcase name="Provider Endpoint should return status code HTTP 200 OK from /health endpoint" classname="whisk.core.bluemix.ProviderHealthEndPointsTests" time="1.182"/>
  <testcase name="Provider Endpoint should reject post of a trigger when missing all arguments" classname="whisk.core.bluemix.ProviderHealthEndPointsTests" time="0.013"/>
  <testcase name="Provider Endpoint should reject post of a trigger due to missing brokers argument" classname="whisk.core.bluemix.ProviderHealthEndPointsTests" time="0.02"/>
  <testcase name="Provider Endpoint should reject post of a trigger due to missing topic argument" classname="whisk.core.bluemix.ProviderHealthEndPointsTests" time="0.019"/>
  <testcase name="Provider Endpoint should reject post of a trigger due to missing triggerURL argument" classname="whisk.core.bluemix.ProviderHealthEndPointsTests" time="0.009"/>
  <testcase name="Provider Endpoint should reject post of a trigger due to missing isMessageHub argument" classname="whisk.core.bluemix.ProviderHealthEndPointsTests" time="0.009"/>
  <testcase name="Provider Endpoint should reject post of a trigger due to missing username argument" classname="whisk.core.bluemix.ProviderHealthEndPointsTests" time="0.008"/>
  <testcase name="Provider Endpoint should reject post of a trigger due to missing password argument" classname="whisk.core.bluemix.ProviderHealthEndPointsTests" time="0.008"/>
  <testcase name="Provider Endpoint should reject post of a trigger due to mismatch between triggerURL and trigger name" classname="whisk.core.bluemix.ProviderHealthEndPointsTests" time="0.008"/>
  <testcase name="Provider Endpoint should reject post of a trigger due to mismatch between triggerURL and namespace" classname="whisk.core.bluemix.ProviderHealthEndPointsTests" time="0.007"/>
  <testcase name="Provider Endpoint should reject post of a trigger when authentication fails" classname="whisk.core.bluemix.ProviderHealthEndPointsTests" time="0.021"/>
  <system-out><![CDATA[]]></system-out>
  <system-err><![CDATA[]]></system-err>
</testsuite>
