<?xml version="1.0" encoding="UTF-8"?>
<testsuite name="system.packages.MessageHubFeedTests" tests="6" skipped="0" failures="0" errors="0" timestamp="2017-01-16T20:54:16" hostname="jamess-mbp.raleigh.ibm.com" time="7.351">
  <properties/>
  <testcase name="Message Hub feed action should reject invocation when topic argument is missing" classname="system.packages.MessageHubFeedTests" time="1.225"/>
  <testcase name="Message Hub feed action should reject invocation when kafka_brokers_sasl argument is missing" classname="system.packages.MessageHubFeedTests" time="1.221"/>
  <testcase name="Message Hub feed action should reject invocation when kafka_admin_url argument is missing" classname="system.packages.MessageHubFeedTests" time="1.217"/>
  <testcase name="Message Hub feed action should reject invocation when user argument is missing" classname="system.packages.MessageHubFeedTests" time="1.211"/>
  <testcase name="Message Hub feed action should reject invocation when password argument is missing" classname="system.packages.MessageHubFeedTests" time="1.226"/>
  <testcase name="Message Hub feed action should reject invocation when package_endpoint argument is missing" classname="system.packages.MessageHubFeedTests" time="1.243"/>
  <system-out><![CDATA[[2017-01-16T20:54:15.941Z] [INFO] Slf4jLogger started [akka.event.slf4j.Slf4jLogger:85] 

Starting test Message Hub feed action should reject invocation when topic argument is missing at 2017-01-16 15:54:16.246

Finished test Message Hub feed action should reject invocation when topic argument is missing at 2017-01-16 15:54:17.471

Starting test Message Hub feed action should reject invocation when kafka_brokers_sasl argument is missing at 2017-01-16 15:54:17.472

Finished test Message Hub feed action should reject invocation when kafka_brokers_sasl argument is missing at 2017-01-16 15:54:18.693

Starting test Message Hub feed action should reject invocation when kafka_admin_url argument is missing at 2017-01-16 15:54:18.693

Finished test Message Hub feed action should reject invocation when kafka_admin_url argument is missing at 2017-01-16 15:54:19.913

Starting test Message Hub feed action should reject invocation when user argument is missing at 2017-01-16 15:54:19.913

Finished test Message Hub feed action should reject invocation when user argument is missing at 2017-01-16 15:54:21.125

Starting test Message Hub feed action should reject invocation when password argument is missing at 2017-01-16 15:54:21.126

Finished test Message Hub feed action should reject invocation when password argument is missing at 2017-01-16 15:54:22.353

Starting test Message Hub feed action should reject invocation when package_endpoint argument is missing at 2017-01-16 15:54:22.354

Finished test Message Hub feed action should reject invocation when package_endpoint argument is missing at 2017-01-16 15:54:23.597
]]></system-out>
  <system-err><![CDATA[]]></system-err>
</testsuite>
