<?xml version="1.0" encoding="UTF-8"?>
<testsuite name="system.packages.MessageHubFeedTests" tests="6" skipped="0" failures="0" errors="0" timestamp="2017-01-16T21:06:06" hostname="jamess-mbp.raleigh.ibm.com" time="7.388">
  <properties/>
  <testcase name="Message Hub feed action should reject invocation when topic argument is missing" classname="system.packages.MessageHubFeedTests" time="1.198"/>
  <testcase name="Message Hub feed action should reject invocation when kafka_brokers_sasl argument is missing" classname="system.packages.MessageHubFeedTests" time="1.192"/>
  <testcase name="Message Hub feed action should reject invocation when kafka_admin_url argument is missing" classname="system.packages.MessageHubFeedTests" time="1.184"/>
  <testcase name="Message Hub feed action should reject invocation when user argument is missing" classname="system.packages.MessageHubFeedTests" time="1.182"/>
  <testcase name="Message Hub feed action should reject invocation when password argument is missing" classname="system.packages.MessageHubFeedTests" time="1.332"/>
  <testcase name="Message Hub feed action should reject invocation when package_endpoint argument is missing" classname="system.packages.MessageHubFeedTests" time="1.294"/>
  <system-out><![CDATA[[2017-01-16T21:06:05.929Z] [INFO] Slf4jLogger started [akka.event.slf4j.Slf4jLogger:85] 

Starting test Message Hub feed action should reject invocation when topic argument is missing at 2017-01-16 16:06:06.209

Finished test Message Hub feed action should reject invocation when topic argument is missing at 2017-01-16 16:06:07.408

Starting test Message Hub feed action should reject invocation when kafka_brokers_sasl argument is missing at 2017-01-16 16:06:07.409

Finished test Message Hub feed action should reject invocation when kafka_brokers_sasl argument is missing at 2017-01-16 16:06:08.602

Starting test Message Hub feed action should reject invocation when kafka_admin_url argument is missing at 2017-01-16 16:06:08.603

Finished test Message Hub feed action should reject invocation when kafka_admin_url argument is missing at 2017-01-16 16:06:09.787

Starting test Message Hub feed action should reject invocation when user argument is missing at 2017-01-16 16:06:09.788

Finished test Message Hub feed action should reject invocation when user argument is missing at 2017-01-16 16:06:10.970

Starting test Message Hub feed action should reject invocation when password argument is missing at 2017-01-16 16:06:10.971

Finished test Message Hub feed action should reject invocation when password argument is missing at 2017-01-16 16:06:12.303

Starting test Message Hub feed action should reject invocation when package_endpoint argument is missing at 2017-01-16 16:06:12.304

Finished test Message Hub feed action should reject invocation when package_endpoint argument is missing at 2017-01-16 16:06:13.598
]]></system-out>
  <system-err><![CDATA[]]></system-err>
</testsuite>
