<?xml version="1.0" encoding="UTF-8"?>
<testsuite name="system.packages.health.MessagingFeedTests" tests="1" skipped="0" failures="0" errors="0" timestamp="2016-12-16T20:23:31" hostname="jamess-mbp.raleigh.ibm.com" time="79.13">
  <properties/>
  <testcase name="Message Hub should fire a trigger when a message is posted to the message hub" classname="system.packages.health.MessagingFeedTests" time="79.13"/>
  <system-out><![CDATA[[2016-12-16T20:23:31.732Z] [INFO] Slf4jLogger started [akka.event.slf4j.Slf4jLogger:85] 
deploy target not defined
test router? true
JUnit version is: 4.11

Starting test Message Hub should fire a trigger when a message is posted to the message hub at 2016-12-16 15:23:31.830

Finished test Message Hub should fire a trigger when a message is posted to the message hub at 2016-12-16 15:24:50.967
]]></system-out>
  <system-err><![CDATA[]]></system-err>
</testsuite>
