<?xml version="1.0" encoding="UTF-8"?>
<testsuite name="providers.MessagingFeedTests" tests="1" skipped="0" failures="0" errors="0" timestamp="2016-12-16T19:58:30" hostname="jamess-mbp.raleigh.ibm.com" time="76.948">
  <properties/>
  <testcase name="Message Hub should fire a trigger when a message is posted to the message hub" classname="providers.MessagingFeedTests" time="76.948"/>
  <system-out><![CDATA[[2016-12-16T19:58:29.858Z] [INFO] Slf4jLogger started [akka.event.slf4j.Slf4jLogger:85] 
deploy target not defined
test router? true
JUnit version is: 4.11

Starting test Message Hub should fire a trigger when a message is posted to the message hub at 2016-12-16 14:58:29.999

Finished test Message Hub should fire a trigger when a message is posted to the message hub at 2016-12-16 14:59:46.954
]]></system-out>
  <system-err><![CDATA[]]></system-err>
</testsuite>
